{
  "stats": {
    "suites": 1,
    "tests": 1,
    "passes": 1,
    "pending": 0,
    "failures": 0,
    "start": "2020-10-23T13:13:21.837Z",
    "end": "2020-10-23T13:13:35.808Z",
    "duration": 13971,
    "testsRegistered": 1,
    "passPercent": 100,
    "pendingPercent": 0,
    "other": 0,
    "hasOther": false,
    "skipped": 0,
    "hasSkipped": false
  },
  "results": [
    {
      "uuid": "9862b796-0c31-4456-9a40-e44632d0c085",
      "title": "",
      "fullFile": "cypress\\integration\\test.js",
      "file": "cypress\\integration\\test.js",
      "beforeHooks": [],
      "afterHooks": [],
      "tests": [],
      "suites": [
        {
          "uuid": "a13ef4b8-01f1-4abe-8f9a-75a5f1f5d5b2",
          "title": "Test",
          "fullFile": "",
          "file": "",
          "beforeHooks": [],
          "afterHooks": [],
          "tests": [
            {
              "title": "input",
              "fullTitle": "Test input",
              "timedOut": null,
              "duration": 9823,
              "state": "passed",
              "speed": "slow",
              "pass": true,
              "fail": false,
              "pending": false,
              "context": null,
              "code": "cy.visit(\"https://www.google.com\");\ncy.get(\".gLFyf\").first().type(\"Cypress\");",
              "err": {},
              "uuid": "a84017cc-501e-47a2-bcc6-a8594e2d6831",
              "parentUUID": "a13ef4b8-01f1-4abe-8f9a-75a5f1f5d5b2",
              "isHook": false,
              "skipped": false
            }
          ],
          "suites": [],
          "passes": [
            "a84017cc-501e-47a2-bcc6-a8594e2d6831"
          ],
          "failures": [],
          "pending": [],
          "skipped": [],
          "duration": 9823,
          "root": false,
          "rootEmpty": false,
          "_timeout": 2000
        }
      ],
      "passes": [],
      "failures": [],
      "pending": [],
      "skipped": [],
      "duration": 0,
      "root": true,
      "rootEmpty": true,
      "_timeout": 2000
    }
  ],
  "meta": {
    "mocha": {
      "version": "7.0.1"
    },
    "mochawesome": {
      "options": {
        "quiet": false,
        "reportFilename": "mochawesome",
        "saveHtml": false,
        "saveJson": true,
        "consoleReporter": "spec",
        "useInlineDiffs": false,
        "code": true
      },
      "version": "6.1.1"
    },
    "marge": {
      "options": {
        "id": "default",
        "reportDir": "cypress/reports/mocha",
        "quite": true,
        "overwrite": false,
        "html": false,
        "json": true
      },
      "version": "5.1.0"
    }
  }
}